<?xml version="1.0" encoding="UTF-8"?>
<!-- Generated by org.testng.reporters.JUnitReportReporter -->
<testsuite hostname="abdulraheemPC" failures="0" tests="2" name="MyTestCases" time="25.923" errors="0" timestamp="2025-05-14T21:40:16 EET" skipped="1">
  <testcase classname="MyTestCases" name="ClickOnlyOnTheNumbers" time="25.923"/>
  <testcase classname="MyTestCases" name="myTest">
    <skipped/>
  </testcase> <!-- myTest -->
</testsuite> <!-- MyTestCases -->
